Arguments: 
  C:\Program Files\nodejs\node.exe C:\Users\798\AppData\Roaming\npm\node_modules\yarn\bin\yarn.js start

PATH: 
  C:\Python310\Scripts\;C:\Python310\;C:\WINDOWS\system32;C:\WINDOWS;C:\WINDOWS\System32\Wbem;C:\WINDOWS\System32\WindowsPowerShell\v1.0\;C:\WINDOWS\System32\OpenSSH\;C:\Program Files\Microsoft SQL Server\Client SDK\ODBC\170\Tools\Binn\;C:\Program Files (x86)\Microsoft SQL Server\150\Tools\Binn\;C:\Program Files\Microsoft SQL Server\150\Tools\Binn\;C:\Program Files\Microsoft SQL Server\150\DTS\Binn\;C:\Program Files (x86)\Microsoft SQL Server\150\DTS\Binn\;C:\Program Files\Azure Data Studio\bin;C:\wamp64\bin\php\php7.4.26;C:\ProgramData\ComposerSetup\bin;C:\Program Files\nodejs\;C:\ProgramData\chocolatey\bin;C:\Program Files\Git\cmd;C:\Program Files\dotnet\;C:\Program Files\PuTTY\;C:\Users\798\.local\share\solana\install\active_release\bin;C:\Users\798\AppData\Local\Microsoft\WindowsApps;C:\Users\798\AppData\Local\Programs\Microsoft VS Code\bin;C:\Users\798\AppData\Roaming\Composer\vendor\bin;C:\Users\798\AppData\Roaming\npm;C:\Users\798\.dotnet\tools;C:\Users\798\AppData\Local\GitHubDesktop\bin

Yarn version: 
  1.22.19

Node version: 
  16.16.0

Platform: 
  win32 x64

Trace: 
  SyntaxError: I:\nftPreviewProject\package.json: Unexpected token } in JSON at position 212
      at JSON.parse (<anonymous>)
      at C:\Users\798\AppData\Roaming\npm\node_modules\yarn\lib\cli.js:1629:59
      at Generator.next (<anonymous>)
      at step (C:\Users\798\AppData\Roaming\npm\node_modules\yarn\lib\cli.js:310:30)
      at C:\Users\798\AppData\Roaming\npm\node_modules\yarn\lib\cli.js:321:13

npm manifest: 
  {
    "name": "nftpreviewproject",
    "version": "1.0.0",
    "description": "",
    "main": "index.js",
    "scripts": {
      "test": "echo \"Error: no test specified\" && exit 1",
        "start": "react-scripts start",
    },
    "repository": {
      "type": "git",
      "url": "git+https://github.com/clockChen0608/nftPreviewProject.git"
    },
    "keywords": [
      "nft",
      "solidity",
      "web3",
      "blockchain"
    ],
    "author": "Jack Chen",
    "license": "MIT",
    "bugs": {
      "url": "https://github.com/clockChen0608/nftPreviewProject/issues"
    },
    "homepage": "https://github.com/clockChen0608/nftPreviewProject#readme",
    "devDependencies": {
      "@nomicfoundation/hardhat-toolbox": "^1.0.1",
      "hardhat": "^2.11.1"
    }
  }

yarn manifest: 
  No manifest

Lockfile: 
  No lockfile
